1667681766081	geckodriver	INFO	Listening on 127.0.0.1:63075
1667681769291	mozrunner::runner	INFO	Running command: "C:\\Program Files\\Mozilla Firefox\\firefox.exe" "--marionette" "--remote-debugging-port" "63076" "--remote-allow-hosts" "localhost" "-no-remote" "-profile" "C:\\Users\\IMAGIN~1\\AppData\\Local\\Temp\\rust_mozprofilerKWxyP"
1667681769628	Marionette	INFO	Marionette enabled
1667681769633	Marionette	INFO	Listening on port 63088
Read port: 63088
WebDriver BiDi listening on ws://127.0.0.1:63076
1667681769809	RemoteAgent	WARN	TLS certificate errors will be ignored for this session
console.warn: SearchSettings: "get: No settings file exists, new profile?" (new NotFoundError("Could not open the file at C:\\Users\\IMAGIN~1\\AppData\\Local\\Temp\\rust_mozprofilerKWxyP\\search.json.mozlz4", (void 0)))
DevTools listening on ws://127.0.0.1:63076/devtools/browser/a77ebb5a-51d3-449d-97ab-499e12c1c25b
1667681847914	Marionette	INFO	Stopped listening on port 63088
console.warn: TopSitesFeed: Failed to fetch data from Contile server: NetworkError when attempting to fetch resource.
!!! error running onStopped callback: TypeError: callback is not a function
" "-profile" "C:\\Users\\IMAGIN~1\\AppData\\Local\\Temp\\rust_mozprofiletdrhrf"
1667681812277	Marionette	INFO	Marionette enabled
1667681812282	Marionette	INFO	Listening on port 63187
Read port: 63187
WebDriver BiDi listening on ws://127.0.0.1:63177
1667681812425	RemoteAgent	WARN	TLS certificate errors will be ignored for this session
console.warn: SearchSettings: "get: No settings file exists, new profile?" (new NotFoundError("Could not open the file at C:\\Users\\IMAGIN~1\\AppData\\Local\\Temp\\rust_mozprofiletdrhrf\\search.json.mozlz4", (void 0)))
DevTools listening on ws://127.0.0.1:63177/devtools/browser/41891248-45ee-40eb-adc0-44488c59fb48
JavaScript error: https://outlook.live.com/mail/0/, line 10: Error: 440
JavaScript error: https://outlook.live.com/mail/0/, line 10: Error: 440
JavaScript error: https://outlook.live.com/mail/0/, line 10: ChunkLoadError: Loading chunk 97800 failed.
(error: https://res.cdn.office.net/owamail/20221028006.04/scripts/owa.MailListItemThreeColumnView.js)
JavaScript error: https://outlook.live.com/mail/0/, line 10: ChunkLoadError: Loading chunk 54753 failed.
(error: https://res.cdn.office.net/owamail/20221028006.04/scripts/owa.MailListItemSingleLineView.js)
JavaScript error: https://outlook.live.com/mail/0/, line 10: ChunkLoadError: Loading chunk 52637 failed.
(error: https://res.cdn.office.net/owamail/20221028006.04/scripts/owa.ven.fluent.js)
JavaScript error: https://outlook.live.com/mail/0/, line 10: ChunkLoadError: Loading chunk 52637 failed.
(error: https://res.cdn.office.net/owamail/20221028006.04/scripts/owa.ven.fluent.js)
JavaScript error: https://outlook.live.com/mail/0/, line 10: ChunkLoadError: Loading chunk 52637 failed.
(error: https://res.cdn.office.net/owamail/20221028006.04/scripts/owa.ven.fluent.js)
JavaScript error: https://outlook.live.com/mail/0/, line 10: ChunkLoadError: Loading chunk 52637 failed.
(error: https://res.cdn.office.net/owamail/20221028006.04/scripts/owa.ven.fluent.js)
JavaScript error: https://outlook.live.com/mail/0/, line 10: ChunkLoadError: Loading chunk 52637 failed.
(error: https://res.cdn.office.net/owamail/20221028006.04/scripts/owa.ven.fluent.js)
JavaScript error: https://outlook.live.com/mail/0/, line 10: ChunkLoadError: Loading chunk 52637 failed.
(error: https://res.cdn.office.net/owamail/20221028006.04/scripts/owa.ven.fluent.js)
JavaScript error: https://outlook.live.com/mail/0/, line 10: ChunkLoadError: Loading chunk 3918 failed.
(error: https://res.cdn.office.net/owamail/20221028006.04/scripts/owa.ven.graphql.js)
JavaScript error: https://outlook.live.com/mail/0/, line 10: ChunkLoadError: Loading chunk 3918 failed.
(error: https://res.cdn.office.net/owamail/20221028006.04/scripts/owa.ven.graphql.js)
JavaScript error: https://outlook.live.com/mail/0/, line 10: ChunkLoadError: Loading chunk 3918 failed.
(error: https://res.cdn.office.net/owamail/20221028006.04/scripts/owa.ven.graphql.js)
JavaScript error: https://outlook.live.com/mail/0/, line 10: ChunkLoadError: Loading chunk 3918 failed.
(error: https://res.cdn.office.net/owamail/20221028006.04/scripts/owa.ven.graphql.js)
JavaScript error: https://outlook.live.com/mail/0/, line 10: ChunkLoadError: Loading chunk 3918 failed.
(error: https://res.cdn.office.net/owamail/20221028006.04/scripts/owa.ven.graphql.js)
JavaScript error: https://outlook.live.com/mail/0/, line 10: ChunkLoadError: Loading chunk 1697 failed.
(error: https://res.cdn.office.net/owamail/20221028006.04/scripts/owa.MailBoot.js)
JavaScript error: https://outlook.live.com/mail/0/, line 10: ChunkLoadError: Loading chunk 1697 failed.
(error: https://res.cdn.office.net/owamail/20221028006.04/scripts/owa.MailBoot.js)
1667681846221	Marionette	INFO	Stopped listening on port 63187
!!! error running onStopped callback: TypeError: callback is not a function
console.warn: TopSitesFeed: Failed to fetch data from Contile server: NetworkError when attempting to fetch resource.
1667681849983	geckodriver	INFO	Listening on 127.0.0.1:63304
1667681853043	mozrunner::runner	INFO	Running command: "C:\\Program Files\\Mozilla Firefox\\firefox.exe" "--marionette" "--remote-debugging-port" "63305" "--remote-allow-hosts" "localhost" "-no-remote" "-profile" "C:\\Users\\IMAGIN~1\\AppData\\Local\\Temp\\rust_mozprofileCp7ncz"
1667681853355	Marionette	INFO	Marionette enabled
1667681853359	Marionette	INFO	Listening on port 63314
Read port: 63314
WebDriver BiDi listening on ws://127.0.0.1:63305
1667681853501	RemoteAgent	WARN	TLS certificate errors will be ignored for this session
console.warn: SearchSettings: "get: No settings file exists, new profile?" (new NotFoundError("Could not open the file at C:\\Users\\IMAGIN~1\\AppData\\Local\\Temp\\rust_mozprofileCp7ncz\\search.json.mozlz4", (void 0)))
DevTools listening on ws://127.0.0.1:63305/devtools/browser/340e4330-b718-4a68-a6c1-9bf6f47aa99f
console.warn: LoginRecipes: "Falling back to a synchronous message for: https://login.live.com."
JavaScript error: resource://gre/modules/AsyncShutdown.jsm, line 576: NotFoundError: No such JSWindowActor 'DevToolsFrame'
JavaScript error: resource://gre/modules/AsyncShutdown.jsm, line 576: NotFoundError: No such JSWindowActor 'DevToolsFrame'
1667682496633	Marionette	INFO	Stopped listening on port 63314
!!! error running onStopped callback: TypeError: callback is not a function

1667682038910	Marionette	INFO	Listening on port 63410
Read port: 63410
WebDriver BiDi listening on ws://127.0.0.1:63401
1667682039133	RemoteAgent	WARN	TLS certificate errors will be ignored for this session
console.warn: SearchSettings: "get: No settings file exists, new profile?" (new NotFoundError("Could not open the file at C:\\Users\\IMAGIN~1\\AppData\\Local\\Temp\\rust_mozprofileSfh4Bn\\search.json.mozlz4", (void 0)))
DevTools listening on ws://127.0.0.1:63401/devtools/browser/84f1fc99-3dbf-44cc-bddf-a97a7dc87ed2
1667682054971	Marionette	INFO	Stopped listening on port 63410
!!! error running onStopped callback: TypeError: callback is not a function
1667682151236	geckodriver	INFO	Listening on 127.0.0.1:63476
1667682154314	mozrunner::runner	INFO	Running command: "C:\\Program Files\\Mozilla Firefox\\firefox.exe" "--marionette" "--remote-debugging-port" "63477" "--remote-allow-hosts" "localhost" "-no-remote" "-profile" "C:\\Users\\IMAGIN~1\\AppData\\Local\\Temp\\rust_mozprofileKnhSUW"
1667682154616	Marionette	INFO	Marionette enabled
1667682154635	Marionette	INFO	Listening on port 63486
Read port: 63486
WebDriver BiDi listening on ws://127.0.0.1:63477
1667682154780	RemoteAgent	WARN	TLS certificate errors will be ignored for this session
console.warn: SearchSettings: "get: No settings file exists, new profile?" (new NotFoundError("Could not open the file at C:\\Users\\IMAGIN~1\\AppData\\Local\\Temp\\rust_mozprofileKnhSUW\\search.json.mozlz4", (void 0)))
DevTools listening on ws://127.0.0.1:63477/devtools/browser/8eeb1d38-7a55-4529-95d1-9ee5107613f2
console.warn: LoginRecipes: "Falling back to a synchronous message for: https://login.live.com."
SourceActor threw an exception: [Exception... "Failed to open input source 'resource://gre/modules/ExtensionContent.jsm'"  nsresult: "0x805303f4 (<unknown>)"  location: "JS frame :: resource://devtools/shared/DevToolsUtils.js :: mainThreadFetch/< :: line 698"  data: yes]
Stack: mainThreadFetch/<@resource://devtools/shared/DevToolsUtils.js:698:15
mainThreadFetch@resource://devtools/shared/DevToolsUtils.js:542:10
_fetchURLContents@resource://devtools/server/actors/utils/sources-manager.js:445:22
urlContents@resource://devtools/server/actors/utils/sources-manager.js:409:17
_resurrectSource@resource://devtools/server/actors/thread.js:2149:35
addAllSources@resource://devtools/server/actors/thread.js:1481:14
watch@resource://devtools/server/actors/resources/sources.js:76:17
watchResources@resource://devtools/server/actors/resources/index.js:302:19
addSessionDataEntry@resource://devtools/server/actors/targets/session-data-processors/resources.js:11:21
addSessionDataEntry@resource://devtools/server/actors/targets/target-actor-mixin.js:44:25
_addSessionDataEntry@resource://devtools/server/connectors/js-window-actor/DevToolsFrameChild.sys.mjs:530:24
receiveMessage@resource://devtools/server/connectors/js-window-actor/DevToolsFrameChild.sys.mjs:439:21
Line: 698, column: 0
console.error: ({})
JavaScript error: resource://devtools/shared/DevToolsUtils.js, line 698: Failed to open input source 'resource://gre/modules/ExtensionContent.jsm'
JavaScript error: resource://gre/modules/AsyncShutdown.jsm, line 576: NotFoundError: No such JSWindowActor 'DevToolsFrame'
JavaScript error: resource://gre/modules/AsyncShutdown.jsm, line 576: NotFoundError: No such JSWindowActor 'DevToolsFrame'
1667682494304	Marionette	INFO	Stopped listening on port 63486
!!! error running onStopped callback: TypeError: callback is not a function

1667682420977	Marionette	INFO	Listening on port 63595
Read port: 63595
WebDriver BiDi listening on ws://127.0.0.1:63586
1667682421118	RemoteAgent	WARN	TLS certificate errors will be ignored for this session
console.warn: SearchSettings: "get: No settings file exists, new profile?" (new NotFoundError("Could not open the file at C:\\Users\\IMAGIN~1\\AppData\\Local\\Temp\\rust_mozprofiledYJhSx\\search.json.mozlz4", (void 0)))
DevTools listening on ws://127.0.0.1:63586/devtools/browser/a3d4a059-1508-487d-b5c9-fdb2478e4d76
1667682434337	Marionette	INFO	Stopped listening on port 63595
console.warn: TopSitesFeed: Failed to fetch data from Contile server: NetworkError when attempting to fetch resource.
